<html>
<body>
<pre>
<h1>Vision3 Build Log</h1>
<h2>Project:</h2>
C:\Users\Administrator\Desktop\快捷方式\STM灯带\USER\Template.uv2
Project File Date:  03/14/2014

<h2>Output:</h2>
Build target 'Target 1'
compiling main.c...
linking...
Program Size: Code=12760 RO-data=268 RW-data=100 ZI-data=1916  
FromELF: creating hex file...
"..\OBJ\LED.axf" - 0 Error(s), 0 Warning(s).
Build target 'Target 1'
compiling main.c...
compiling stm32f10x_it.c...
compiling system_stm32f10x.c...
compiling core_cm3.c...
assembling startup_stm32f10x_md.s...
compiling misc.c...
compiling stm32f10x_exti.c...
compiling stm32f10x_gpio.c...
compiling stm32f10x_tim.c...
compiling stm32f10x_usart.c...
compiling stm32f10x_rcc.c...
compiling delay.c...
compiling sys.c...
compiling usart.c...
compiling pwm.c...
compiling remote.c...
compiling beep.c...
linking...
Program Size: Code=12760 RO-data=268 RW-data=100 ZI-data=1916  
FromELF: creating hex file...
"..\OBJ\LED.axf" - 0 Error(s), 0 Warning(s).
Build target 'Target 1'
compiling main.c...
main.c(585): error:  #525: a dependent statement may not be a declaration
Project build/rebuild aborted.
Target not created
Build target 'Target 1'
compiling main.c...
main.c(585): error:  #525: a dependent statement may not be a declaration
Target not created
Build target 'Target 1'
compiling main.c...
linking...
Program Size: Code=12760 RO-data=268 RW-data=100 ZI-data=1916  
FromELF: creating hex file...
"..\OBJ\LED.axf" - 0 Error(s), 0 Warning(s).
Build target 'Target 1'
compiling main.c...
linking...
Program Size: Code=12748 RO-data=268 RW-data=100 ZI-data=1916  
FromELF: creating hex file...
"..\OBJ\LED.axf" - 0 Error(s), 0 Warning(s).
Build target 'Target 1'
compiling main.c...
linking...
Program Size: Code=12748 RO-data=268 RW-data=100 ZI-data=1916  
FromELF: creating hex file...
"..\OBJ\LED.axf" - 0 Error(s), 0 Warning(s).
Build target 'Target 1'
compiling main.c...
linking...
Program Size: Code=12732 RO-data=268 RW-data=100 ZI-data=1916  
FromELF: creating hex file...
"..\OBJ\LED.axf" - 0 Error(s), 0 Warning(s).
Build target 'Target 1'
compiling main.c...
linking...
Program Size: Code=12736 RO-data=268 RW-data=100 ZI-data=1916  
FromELF: creating hex file...
"..\OBJ\LED.axf" - 0 Error(s), 0 Warning(s).
Build target 'Target 1'
compiling main.c...
main.c(548): error:  #127: expected a statement
Target not created
Build target 'Target 1'
compiling main.c...
linking...
Program Size: Code=12712 RO-data=268 RW-data=100 ZI-data=1916  
FromELF: creating hex file...
"..\OBJ\LED.axf" - 0 Error(s), 0 Warning(s).
Build target 'Target 1'
compiling main.c...
Project build/rebuild aborted.
Target not created
Build target 'Target 1'
compiling main.c...
compiling stm32f10x_it.c...
compiling system_stm32f10x.c...
compiling core_cm3.c...
assembling startup_stm32f10x_md.s...
compiling misc.c...
compiling stm32f10x_exti.c...
compiling stm32f10x_gpio.c...
compiling stm32f10x_tim.c...
compiling stm32f10x_usart.c...
compiling stm32f10x_rcc.c...
compiling delay.c...
compiling sys.c...
compiling usart.c...
compiling pwm.c...
compiling remote.c...
compiling beep.c...
linking...
Program Size: Code=12728 RO-data=268 RW-data=100 ZI-data=1916  
FromELF: creating hex file...
"..\OBJ\LED.axf" - 0 Error(s), 0 Warning(s).
Build target 'Target 1'
compiling main.c...
compiling stm32f10x_it.c...
compiling system_stm32f10x.c...
compiling core_cm3.c...
assembling startup_stm32f10x_md.s...
compiling misc.c...
compiling stm32f10x_exti.c...
compiling stm32f10x_gpio.c...
compiling stm32f10x_tim.c...
compiling stm32f10x_usart.c...
compiling stm32f10x_rcc.c...
Project build/rebuild aborted.
Target not created
Build target 'Target 1'
compiling main.c...
compiling stm32f10x_it.c...
compiling system_stm32f10x.c...
compiling core_cm3.c...
assembling startup_stm32f10x_md.s...
compiling misc.c...
compiling stm32f10x_exti.c...
compiling stm32f10x_gpio.c...
compiling stm32f10x_tim.c...
compiling stm32f10x_usart.c...
compiling stm32f10x_rcc.c...
compiling delay.c...
compiling sys.c...
compiling usart.c...
compiling pwm.c...
compiling remote.c...
compiling beep.c...
linking...
Program Size: Code=12728 RO-data=268 RW-data=100 ZI-data=1916  
FromELF: creating hex file...
"..\OBJ\LED.axf" - 0 Error(s), 0 Warning(s).
Build target 'Target 1'
compiling main.c...
compiling remote.c...
linking...
Program Size: Code=12896 RO-data=268 RW-data=100 ZI-data=1916  
FromELF: creating hex file...
"..\OBJ\LED.axf" - 0 Error(s), 0 Warning(s).
Build target 'Target 1'
compiling main.c...
compiling stm32f10x_it.c...
compiling system_stm32f10x.c...
compiling core_cm3.c...
assembling startup_stm32f10x_md.s...
compiling misc.c...
compiling stm32f10x_exti.c...
compiling stm32f10x_gpio.c...
compiling stm32f10x_tim.c...
compiling stm32f10x_usart.c...
compiling stm32f10x_rcc.c...
compiling delay.c...
compiling sys.c...
compiling usart.c...
compiling pwm.c...
compiling remote.c...
compiling beep.c...
linking...
Program Size: Code=12896 RO-data=268 RW-data=100 ZI-data=1916  
FromELF: creating hex file...
"..\OBJ\LED.axf" - 0 Error(s), 0 Warning(s).
Build target 'Target 1'
compiling main.c...
linking...
Program Size: Code=12896 RO-data=268 RW-data=100 ZI-data=1916  
FromELF: creating hex file...
"..\OBJ\LED.axf" - 0 Error(s), 0 Warning(s).
Build target 'Target 1'
compiling main.c...
linking...
Program Size: Code=12860 RO-data=268 RW-data=100 ZI-data=1916  
FromELF: creating hex file...
"..\OBJ\LED.axf" - 0 Error(s), 0 Warning(s).
Build target 'Target 1'
compiling main.c...
linking...
Program Size: Code=12968 RO-data=268 RW-data=100 ZI-data=1916  
FromELF: creating hex file...
"..\OBJ\LED.axf" - 0 Error(s), 0 Warning(s).
Build target 'Target 1'
compiling main.c...
linking...
Program Size: Code=12996 RO-data=268 RW-data=100 ZI-data=1916  
FromELF: creating hex file...
"..\OBJ\LED.axf" - 0 Error(s), 0 Warning(s).
Build target 'Target 1'
compiling main.c...
linking...
Program Size: Code=13000 RO-data=268 RW-data=100 ZI-data=1916  
FromELF: creating hex file...
"..\OBJ\LED.axf" - 0 Error(s), 0 Warning(s).
Build target 'Target 1'
compiling main.c...
linking...
Program Size: Code=13000 RO-data=268 RW-data=100 ZI-data=1916  
FromELF: creating hex file...
"..\OBJ\LED.axf" - 0 Error(s), 0 Warning(s).
Build target 'Target 1'
compiling main.c...
linking...
Program Size: Code=13052 RO-data=268 RW-data=100 ZI-data=1916  
FromELF: creating hex file...
"..\OBJ\LED.axf" - 0 Error(s), 0 Warning(s).
Build target 'Target 1'
compiling main.c...
linking...
Program Size: Code=13052 RO-data=268 RW-data=100 ZI-data=1916  
FromELF: creating hex file...
"..\OBJ\LED.axf" - 0 Error(s), 0 Warning(s).
Build target 'Target 1'
compiling main.c...
linking...
Program Size: Code=12728 RO-data=268 RW-data=100 ZI-data=1916  
FromELF: creating hex file...
"..\OBJ\LED.axf" - 0 Error(s), 0 Warning(s).
Build target 'Target 1'
compiling main.c...
compiling stm32f10x_it.c...
compiling system_stm32f10x.c...
compiling core_cm3.c...
assembling startup_stm32f10x_md.s...
compiling misc.c...
compiling stm32f10x_exti.c...
compiling stm32f10x_gpio.c...
compiling stm32f10x_tim.c...
compiling stm32f10x_usart.c...
compiling stm32f10x_rcc.c...
compiling delay.c...
compiling sys.c...
compiling usart.c...
compiling pwm.c...
compiling remote.c...
compiling beep.c...
..\HARDWARE\BEEP\beep.c(25): warning:  #223-D: function "PDout" declared implicitly
..\HARDWARE\BEEP\beep.c(25): error:  #137: expression must be a modifiable lvalue
..\HARDWARE\BEEP\beep.c(28): warning:  #223-D: function "PDout" declared implicitly
..\HARDWARE\BEEP\beep.c(28): error:  #137: expression must be a modifiable lvalue
..\HARDWARE\BEEP\beep.c(29): warning:  #1-D: last line of file ends without a newline
Target not created
Build target 'Target 1'
compiling beep.c...
..\HARDWARE\BEEP\beep.c(25): warning:  #223-D: function "PDout" declared implicitly
..\HARDWARE\BEEP\beep.c(25): error:  #137: expression must be a modifiable lvalue
..\HARDWARE\BEEP\beep.c(28): warning:  #223-D: function "PDout" declared implicitly
..\HARDWARE\BEEP\beep.c(28): error:  #137: expression must be a modifiable lvalue
Target not created
Build target 'Target 1'
compiling main.c...
compiling beep.c...
..\HARDWARE\BEEP\beep.c(25): warning:  #223-D: function "PDout" declared implicitly
..\HARDWARE\BEEP\beep.c(25): error:  #137: expression must be a modifiable lvalue
..\HARDWARE\BEEP\beep.c(28): warning:  #223-D: function "PDout" declared implicitly
..\HARDWARE\BEEP\beep.c(28): error:  #137: expression must be a modifiable lvalue
Target not created
Build target 'Target 1'
compiling main.c...
compiling beep.c...
..\HARDWARE\BEEP\beep.c(25): warning:  #223-D: function "PDout" declared implicitly
..\HARDWARE\BEEP\beep.c(25): error:  #137: expression must be a modifiable lvalue
..\HARDWARE\BEEP\beep.c(28): warning:  #223-D: function "PDout" declared implicitly
..\HARDWARE\BEEP\beep.c(28): error:  #137: expression must be a modifiable lvalue
Target not created
Build target 'Target 1'
compiling main.c...
Project build/rebuild aborted.
Target not created
Build target 'Target 1'
compiling beep.c...
..\HARDWARE\BEEP\beep.c(29): warning:  #223-D: function "PDout" declared implicitly
..\HARDWARE\BEEP\beep.c(29): error:  #137: expression must be a modifiable lvalue
..\HARDWARE\BEEP\beep.c(32): warning:  #223-D: function "PDout" declared implicitly
..\HARDWARE\BEEP\beep.c(32): error:  #137: expression must be a modifiable lvalue
Target not created
Build target 'Target 1'
compiling main.c...
compiling beep.c...
linking...
Program Size: Code=12728 RO-data=268 RW-data=100 ZI-data=1916  
FromELF: creating hex file...
"..\OBJ\LED.axf" - 0 Error(s), 0 Warning(s).
Build target 'Target 1'
compiling main.c...
linking...
Program Size: Code=12912 RO-data=268 RW-data=100 ZI-data=1916  
FromELF: creating hex file...
"..\OBJ\LED.axf" - 0 Error(s), 0 Warning(s).
Build target 'Target 1'
compiling main.c...
linking...
Program Size: Code=13068 RO-data=268 RW-data=100 ZI-data=1916  
FromELF: creating hex file...
"..\OBJ\LED.axf" - 0 Error(s), 0 Warning(s).
Build target 'Target 1'
compiling main.c...
linking...
Program Size: Code=13064 RO-data=268 RW-data=100 ZI-data=1916  
FromELF: creating hex file...
"..\OBJ\LED.axf" - 0 Error(s), 0 Warning(s).
Build target 'Target 1'
compiling main.c...
linking...
Program Size: Code=13064 RO-data=268 RW-data=100 ZI-data=1916  
FromELF: creating hex file...
"..\OBJ\LED.axf" - 0 Error(s), 0 Warning(s).
Build target 'Target 1'
compiling main.c...
linking...
Program Size: Code=13080 RO-data=268 RW-data=100 ZI-data=1916  
FromELF: creating hex file...
"..\OBJ\LED.axf" - 0 Error(s), 0 Warning(s).
Build target 'Target 1'
compiling main.c...
linking...
Program Size: Code=13236 RO-data=268 RW-data=100 ZI-data=1916  
FromELF: creating hex file...
"..\OBJ\LED.axf" - 0 Error(s), 0 Warning(s).
Build target 'Target 1'
compiling main.c...
linking...
Program Size: Code=13548 RO-data=268 RW-data=100 ZI-data=1916  
FromELF: creating hex file...
"..\OBJ\LED.axf" - 0 Error(s), 0 Warning(s).
Build target 'Target 1'
compiling main.c...
linking...
Program Size: Code=13712 RO-data=268 RW-data=100 ZI-data=1916  
FromELF: creating hex file...
"..\OBJ\LED.axf" - 0 Error(s), 0 Warning(s).
Build target 'Target 1'
compiling main.c...
linking...
Program Size: Code=13736 RO-data=268 RW-data=100 ZI-data=1916  
FromELF: creating hex file...
"..\OBJ\LED.axf" - 0 Error(s), 0 Warning(s).
Build target 'Target 1'
compiling main.c...
linking...
Program Size: Code=13736 RO-data=268 RW-data=100 ZI-data=1916  
FromELF: creating hex file...
"..\OBJ\LED.axf" - 0 Error(s), 0 Warning(s).
Build target 'Target 1'
compiling main.c...
compiling remote.c...
linking...
Program Size: Code=13736 RO-data=268 RW-data=100 ZI-data=1916  
FromELF: creating hex file...
"..\OBJ\LED.axf" - 0 Error(s), 0 Warning(s).
Build target 'Target 1'
compiling main.c...
compiling pwm.c...
compiling beep.c...
linking...
Program Size: Code=13736 RO-data=268 RW-data=92 ZI-data=1916  
FromELF: creating hex file...
"..\OBJ\LED.axf" - 0 Error(s), 0 Warning(s).
Build target 'Target 1'
compiling main.c...
linking...
Program Size: Code=13692 RO-data=268 RW-data=92 ZI-data=1916  
FromELF: creating hex file...
"..\OBJ\LED.axf" - 0 Error(s), 0 Warning(s).
Build target 'Target 1'
compiling main.c...
linking...
Program Size: Code=13736 RO-data=268 RW-data=92 ZI-data=1916  
FromELF: creating hex file...
"..\OBJ\LED.axf" - 0 Error(s), 0 Warning(s).
Build target 'Target 1'
compiling main.c...
linking...
Program Size: Code=13736 RO-data=268 RW-data=92 ZI-data=1916  
FromELF: creating hex file...
"..\OBJ\LED.axf" - 0 Error(s), 0 Warning(s).
Build target 'Target 1'
compiling usart.c...
..\SYSTEM\usart\usart.c(103): error:  #20: identifier "URdy" is undefined
..\SYSTEM\usart\usart.c(120): warning:  #223-D: function "ring" declared implicitly
Target not created
Build target 'Target 1'
compiling usart.c...
linking...
Program Size: Code=13784 RO-data=268 RW-data=92 ZI-data=1852  
FromELF: creating hex file...
"..\OBJ\LED.axf" - 0 Error(s), 0 Warning(s).
Build target 'Target 1'
compiling usart.c...
..\SYSTEM\usart\usart.c(172): error:  #122: a default label may only be used within a switch
..\SYSTEM\usart\usart.c(102): warning:  #177-D: variable "Res" was declared but never referenced
..\SYSTEM\usart\usart.c(175): error:  #169: expected a declaration
..\SYSTEM\usart\usart.c(178): warning: At end of source:  #12-D: parsing restarts here after previous syntax error
Target not created
Build target 'Target 1'
compiling usart.c...
..\SYSTEM\usart\usart.c(102): warning:  #177-D: variable "Res" was declared but never referenced
linking...
Program Size: Code=13636 RO-data=268 RW-data=84 ZI-data=1852  
FromELF: creating hex file...
"..\OBJ\LED.axf" - 0 Error(s), 1 Warning(s).
Build target 'Target 1'
compiling usart.c...
linking...
Program Size: Code=13636 RO-data=268 RW-data=84 ZI-data=1852  
FromELF: creating hex file...
"..\OBJ\LED.axf" - 0 Error(s), 0 Warning(s).
Build target 'Target 1'
compiling usart.c...
linking...
Program Size: Code=13636 RO-data=268 RW-data=84 ZI-data=1852  
FromELF: creating hex file...
"..\OBJ\LED.axf" - 0 Error(s), 0 Warning(s).
Build target 'Target 1'
compiling usart.c...
linking...
Program Size: Code=13640 RO-data=268 RW-data=84 ZI-data=1852  
FromELF: creating hex file...
"..\OBJ\LED.axf" - 0 Error(s), 0 Warning(s).
Build target 'Target 1'
compiling usart.c...
linking...
Program Size: Code=13640 RO-data=268 RW-data=84 ZI-data=1852  
FromELF: creating hex file...
"..\OBJ\LED.axf" - 0 Error(s), 0 Warning(s).
Build target 'Target 1'
compiling usart.c...
..\SYSTEM\usart\usart.c(173): error:  #169: expected a declaration
Target not created
Build target 'Target 1'
compiling usart.c...
linking...
Program Size: Code=13672 RO-data=268 RW-data=84 ZI-data=1852  
FromELF: creating hex file...
"..\OBJ\LED.axf" - 0 Error(s), 0 Warning(s).
Build target 'Target 1'
compiling usart.c...
linking...
Program Size: Code=13676 RO-data=268 RW-data=84 ZI-data=1852  
FromELF: creating hex file...
"..\OBJ\LED.axf" - 0 Error(s), 0 Warning(s).
Build target 'Target 1'
compiling usart.c...
linking...
Program Size: Code=13680 RO-data=268 RW-data=84 ZI-data=1852  
FromELF: creating hex file...
"..\OBJ\LED.axf" - 0 Error(s), 0 Warning(s).
Build target 'Target 1'
compiling usart.c...
linking...
Program Size: Code=13680 RO-data=268 RW-data=84 ZI-data=1852  
FromELF: creating hex file...
"..\OBJ\LED.axf" - 0 Error(s), 0 Warning(s).
Build target 'Target 1'
compiling usart.c...
linking...
Program Size: Code=13680 RO-data=268 RW-data=84 ZI-data=1852  
FromELF: creating hex file...
"..\OBJ\LED.axf" - 0 Error(s), 0 Warning(s).
Build target 'Target 1'
compiling usart.c...
..\SYSTEM\usart\usart.c(106): error:  #42: operand types are incompatible ("u8" and "char *")
..\SYSTEM\usart\usart.c(111): error:  #42: operand types are incompatible ("u8" and "char *")
Target not created
Build target 'Target 1'
compiling usart.c...
linking...
Program Size: Code=13680 RO-data=268 RW-data=84 ZI-data=1852  
FromELF: creating hex file...
"..\OBJ\LED.axf" - 0 Error(s), 0 Warning(s).
Build target 'Target 1'
compiling usart.c...
..\SYSTEM\usart\usart.c(131): warning:  #2548-D: multicharacter character literal (potential portability problem)
..\SYSTEM\usart\usart.c(132): warning:  #2548-D: multicharacter character literal (potential portability problem)
..\SYSTEM\usart\usart.c(133): warning:  #2548-D: multicharacter character literal (potential portability problem)
..\SYSTEM\usart\usart.c(134): warning:  #2548-D: multicharacter character literal (potential portability problem)
..\SYSTEM\usart\usart.c(135): warning:  #2548-D: multicharacter character literal (potential portability problem)
..\SYSTEM\usart\usart.c(136): warning:  #2548-D: multicharacter character literal (potential portability problem)
..\SYSTEM\usart\usart.c(137): warning:  #2548-D: multicharacter character literal (potential portability problem)
..\SYSTEM\usart\usart.c(138): warning:  #2548-D: multicharacter character literal (potential portability problem)
..\SYSTEM\usart\usart.c(139): warning:  #2548-D: multicharacter character literal (potential portability problem)
..\SYSTEM\usart\usart.c(140): warning:  #2548-D: multicharacter character literal (potential portability problem)
..\SYSTEM\usart\usart.c(141): warning:  #2548-D: multicharacter character literal (potential portability problem)
..\SYSTEM\usart\usart.c(142): warning:  #2548-D: multicharacter character literal (potential portability problem)
linking...
Program Size: Code=13956 RO-data=268 RW-data=84 ZI-data=1852  
FromELF: creating hex file...
"..\OBJ\LED.axf" - 0 Error(s), 12 Warning(s).
Build target 'Target 1'
compiling usart.c...
..\SYSTEM\usart\usart.c(131): error:  #31: expression must have integral type
..\SYSTEM\usart\usart.c(132): error:  #31: expression must have integral type
Target not created
Build target 'Target 1'
compiling usart.c...
..\SYSTEM\usart\usart.c(131): error:  #157: expression must be an integral constant expression
..\SYSTEM\usart\usart.c(132): error:  #157: expression must be an integral constant expression
Target not created
Build target 'Target 1'
compiling usart.c...
linking...
Program Size: Code=13780 RO-data=268 RW-data=84 ZI-data=1852  
FromELF: creating hex file...
"..\OBJ\LED.axf" - 0 Error(s), 0 Warning(s).
Build target 'Target 1'
compiling usart.c...
..\SYSTEM\usart\usart.c(103): error:  #20: identifier "string" is undefined
Target not created
Build target 'Target 1'
compiling usart.c...
..\SYSTEM\usart\usart.c(103): error:  #20: identifier "string" is undefined
Target not created
Build target 'Target 1'
compiling usart.c...
d:\Keil\ARM\RV31\INC\rw/_defs.h(781): error:  #20: identifier "namespace" is undefined
d:\Keil\ARM\RV31\INC\rw/_defs.h(781): error:  #65: expected a ";"
d:\Keil\ARM\RV31\INC\iosfwd(93): error:  #20: identifier "namespace" is undefined
d:\Keil\ARM\RV31\INC\iosfwd(93): error:  #65: expected a ";"
d:\Keil\ARM\RV31\INC\iosfwd(117): error:  #65: expected a ";"
d:\Keil\ARM\RV31\INC\iosfwd(122): error:  #65: expected a ";"
d:\Keil\ARM\RV31\INC\iosfwd(127): error:  #65: expected a ";"
d:\Keil\ARM\RV31\INC\iosfwd(131): error:  #65: expected a ";"
d:\Keil\ARM\RV31\INC\iosfwd(136): error:  #65: expected a ";"
d:\Keil\ARM\RV31\INC\iosfwd(141): error:  #65: expected a ";"
d:\Keil\ARM\RV31\INC\iosfwd(146): error:  #65: expected a ";"
d:\Keil\ARM\RV31\INC\iosfwd(150): error:  #65: expected a ";"
d:\Keil\ARM\RV31\INC\iosfwd(154): error:  #65: expected a ";"
d:\Keil\ARM\RV31\INC\iosfwd(158): error:  #65: expected a ";"
d:\Keil\ARM\RV31\INC\iosfwd(162): error:  #65: expected a ";"
d:\Keil\ARM\RV31\INC\iosfwd(167): error:  #65: expected a ";"
d:\Keil\ARM\RV31\INC\iosfwd(171): error:  #65: expected a ";"
d:\Keil\ARM\RV31\INC\iosfwd(175): error:  #65: expected a ";"
d:\Keil\ARM\RV31\INC\iosfwd(183): error:  #65: expected a ";"
d:\Keil\ARM\RV31\INC\iosfwd(184): error:  #65: expected a ";"
d:\Keil\ARM\RV31\INC\iosfwd(185): error:  #65: expected a ";"
d:\Keil\ARM\RV31\INC\iosfwd(186): error:  #65: expected a ";"
d:\Keil\ARM\RV31\INC\iosfwd(187): error:  #65: expected a ";"
d:\Keil\ARM\RV31\INC\iosfwd(188): error:  #65: expected a ";"
d:\Keil\ARM\RV31\INC\iosfwd(189): error:  #65: expected a ";"
d:\Keil\ARM\RV31\INC\iosfwd(190): error:  #65: expected a ";"
d:\Keil\ARM\RV31\INC\iosfwd(191): error:  #65: expected a ";"
d:\Keil\ARM\RV31\INC\iosfwd(192): error:  #65: expected a ";"
d:\Keil\ARM\RV31\INC\iosfwd(193): error:  #65: expected a ";"
d:\Keil\ARM\RV31\INC\iosfwd(194): error:  #65: expected a ";"
Target not created
Build target 'Target 1'
compiling usart.c...
d:\Keil\ARM\RV31\INC\rw/_defs.h(781): error:  #20: identifier "namespace" is undefined
d:\Keil\ARM\RV31\INC\rw/_defs.h(781): error:  #65: expected a ";"
d:\Keil\ARM\RV31\INC\iosfwd(93): error:  #20: identifier "namespace" is undefined
d:\Keil\ARM\RV31\INC\iosfwd(93): error:  #65: expected a ";"
d:\Keil\ARM\RV31\INC\iosfwd(117): error:  #65: expected a ";"
d:\Keil\ARM\RV31\INC\iosfwd(122): error:  #65: expected a ";"
d:\Keil\ARM\RV31\INC\iosfwd(127): error:  #65: expected a ";"
d:\Keil\ARM\RV31\INC\iosfwd(131): error:  #65: expected a ";"
d:\Keil\ARM\RV31\INC\iosfwd(136): error:  #65: expected a ";"
d:\Keil\ARM\RV31\INC\iosfwd(141): error:  #65: expected a ";"
d:\Keil\ARM\RV31\INC\iosfwd(146): error:  #65: expected a ";"
d:\Keil\ARM\RV31\INC\iosfwd(150): error:  #65: expected a ";"
d:\Keil\ARM\RV31\INC\iosfwd(154): error:  #65: expected a ";"
d:\Keil\ARM\RV31\INC\iosfwd(158): error:  #65: expected a ";"
d:\Keil\ARM\RV31\INC\iosfwd(162): error:  #65: expected a ";"
d:\Keil\ARM\RV31\INC\iosfwd(167): error:  #65: expected a ";"
d:\Keil\ARM\RV31\INC\iosfwd(171): error:  #65: expected a ";"
d:\Keil\ARM\RV31\INC\iosfwd(175): error:  #65: expected a ";"
d:\Keil\ARM\RV31\INC\iosfwd(183): error:  #65: expected a ";"
d:\Keil\ARM\RV31\INC\iosfwd(184): error:  #65: expected a ";"
d:\Keil\ARM\RV31\INC\iosfwd(185): error:  #65: expected a ";"
d:\Keil\ARM\RV31\INC\iosfwd(186): error:  #65: expected a ";"
d:\Keil\ARM\RV31\INC\iosfwd(187): error:  #65: expected a ";"
d:\Keil\ARM\RV31\INC\iosfwd(188): error:  #65: expected a ";"
d:\Keil\ARM\RV31\INC\iosfwd(189): error:  #65: expected a ";"
d:\Keil\ARM\RV31\INC\iosfwd(190): error:  #65: expected a ";"
d:\Keil\ARM\RV31\INC\iosfwd(191): error:  #65: expected a ";"
d:\Keil\ARM\RV31\INC\iosfwd(192): error:  #65: expected a ";"
d:\Keil\ARM\RV31\INC\iosfwd(193): error:  #65: expected a ";"
d:\Keil\ARM\RV31\INC\iosfwd(194): error:  #65: expected a ";"
Target not created
Build target 'Target 1'
compiling usart.c...
..\SYSTEM\usart\usart.c(103): error:  #20: identifier "string" is undefined
Target not created
Build target 'Target 1'
compiling usart.c...
d:\Keil\ARM\RV31\INC\rw/_defs.h(781): error:  #20: identifier "namespace" is undefined
d:\Keil\ARM\RV31\INC\rw/_defs.h(781): error:  #65: expected a ";"
d:\Keil\ARM\RV31\INC\iosfwd(93): error:  #20: identifier "namespace" is undefined
d:\Keil\ARM\RV31\INC\iosfwd(93): error:  #65: expected a ";"
d:\Keil\ARM\RV31\INC\iosfwd(117): error:  #65: expected a ";"
d:\Keil\ARM\RV31\INC\iosfwd(122): error:  #65: expected a ";"
d:\Keil\ARM\RV31\INC\iosfwd(127): error:  #65: expected a ";"
d:\Keil\ARM\RV31\INC\iosfwd(131): error:  #65: expected a ";"
d:\Keil\ARM\RV31\INC\iosfwd(136): error:  #65: expected a ";"
d:\Keil\ARM\RV31\INC\iosfwd(141): error:  #65: expected a ";"
d:\Keil\ARM\RV31\INC\iosfwd(146): error:  #65: expected a ";"
d:\Keil\ARM\RV31\INC\iosfwd(150): error:  #65: expected a ";"
d:\Keil\ARM\RV31\INC\iosfwd(154): error:  #65: expected a ";"
d:\Keil\ARM\RV31\INC\iosfwd(158): error:  #65: expected a ";"
d:\Keil\ARM\RV31\INC\iosfwd(162): error:  #65: expected a ";"
d:\Keil\ARM\RV31\INC\iosfwd(167): error:  #65: expected a ";"
d:\Keil\ARM\RV31\INC\iosfwd(171): error:  #65: expected a ";"
d:\Keil\ARM\RV31\INC\iosfwd(175): error:  #65: expected a ";"
d:\Keil\ARM\RV31\INC\iosfwd(183): error:  #65: expected a ";"
d:\Keil\ARM\RV31\INC\iosfwd(184): error:  #65: expected a ";"
d:\Keil\ARM\RV31\INC\iosfwd(185): error:  #65: expected a ";"
d:\Keil\ARM\RV31\INC\iosfwd(186): error:  #65: expected a ";"
d:\Keil\ARM\RV31\INC\iosfwd(187): error:  #65: expected a ";"
d:\Keil\ARM\RV31\INC\iosfwd(188): error:  #65: expected a ";"
d:\Keil\ARM\RV31\INC\iosfwd(189): error:  #65: expected a ";"
d:\Keil\ARM\RV31\INC\iosfwd(190): error:  #65: expected a ";"
d:\Keil\ARM\RV31\INC\iosfwd(191): error:  #65: expected a ";"
d:\Keil\ARM\RV31\INC\iosfwd(192): error:  #65: expected a ";"
d:\Keil\ARM\RV31\INC\iosfwd(193): error:  #65: expected a ";"
d:\Keil\ARM\RV31\INC\iosfwd(194): error:  #65: expected a ";"
Target not created
Build target 'Target 1'
compiling usart.c...
..\SYSTEM\usart\usart.c(108): error:  #42: operand types are incompatible ("u8 *" and "int")
..\SYSTEM\usart\usart.c(113): error:  #42: operand types are incompatible ("u8 *" and "int")
..\SYSTEM\usart\usart.c(123): error:  #31: expression must have integral type
Target not created
Build target 'Target 1'
compiling usart.c...
..\SYSTEM\usart\usart.c(108): error:  #42: operand types are incompatible ("int *" and "int")
..\SYSTEM\usart\usart.c(113): error:  #42: operand types are incompatible ("int *" and "int")
..\SYSTEM\usart\usart.c(123): error:  #31: expression must have integral type
Target not created
Build target 'Target 1'
compiling usart.c...
linking...
Program Size: Code=13788 RO-data=268 RW-data=84 ZI-data=1852  
FromELF: creating hex file...
"..\OBJ\LED.axf" - 0 Error(s), 0 Warning(s).
Build target 'Target 1'
compiling usart.c...
..\SYSTEM\usart\usart.c(132): error:  #31: expression must have integral type
..\SYSTEM\usart\usart.c(133): error:  #31: expression must have integral type
Target not created
Build target 'Target 1'
compiling usart.c...
..\SYSTEM\usart\usart.c(107): error:  #158: expression must be an lvalue or a function designator
..\SYSTEM\usart\usart.c(132): error:  #31: expression must have integral type
..\SYSTEM\usart\usart.c(133): error:  #31: expression must have integral type
Target not created
Build target 'Target 1'
compiling main.c...
compiling usart.c...
..\SYSTEM\usart\usart.c(109): error:  #29: expected an expression
..\SYSTEM\usart\usart.c(157): error:  #31: expression must have integral type
..\SYSTEM\usart\usart.c(158): error:  #31: expression must have integral type
Target not created
Build target 'Target 1'
compiling usart.c...
..\SYSTEM\usart\usart.c(132): error:  #20: identifier "p" is undefined
..\SYSTEM\usart\usart.c(156): error:  #31: expression must have integral type
..\SYSTEM\usart\usart.c(157): error:  #31: expression must have integral type
compiling pwm.c...
Target not created
Build target 'Target 1'
compiling usart.c...
linking...
Program Size: Code=14160 RO-data=268 RW-data=84 ZI-data=1852  
FromELF: creating hex file...
"..\OBJ\LED.axf" - 0 Error(s), 0 Warning(s).
Build target 'Target 1'
compiling usart.c...
linking...
Program Size: Code=14168 RO-data=268 RW-data=84 ZI-data=1852  
FromELF: creating hex file...
"..\OBJ\LED.axf" - 0 Error(s), 0 Warning(s).
Build target 'Target 1'
compiling usart.c...
linking...
Program Size: Code=14164 RO-data=268 RW-data=84 ZI-data=1852  
FromELF: creating hex file...
"..\OBJ\LED.axf" - 0 Error(s), 0 Warning(s).
Build target 'Target 1'
compiling usart.c...
linking...
Program Size: Code=14164 RO-data=268 RW-data=84 ZI-data=1852  
FromELF: creating hex file...
"..\OBJ\LED.axf" - 0 Error(s), 0 Warning(s).
